  [1m[36m (1.2ms)[0m  [1mCREATE TABLE "schema_migrations" ("version" varchar NOT NULL) [0m
  [1m[35m (0.1ms)[0m  select sqlite_version(*)
  [1m[36m (0.9ms)[0m  [1mCREATE UNIQUE INDEX "unique_schema_migrations" ON "schema_migrations" ("version")[0m
  [1m[35mActiveRecord::SchemaMigration Load (0.1ms)[0m  SELECT "schema_migrations".* FROM "schema_migrations"
Migrating to CreateBears (20160201163027)
  [1m[36m (0.1ms)[0m  [1mbegin transaction[0m
  [1m[35m (0.4ms)[0m  CREATE TABLE "bears" ("id" INTEGER PRIMARY KEY AUTOINCREMENT NOT NULL, "name" varchar, "description" text, "created_at" datetime NOT NULL, "updated_at" datetime NOT NULL) 
  [1m[36mSQL (0.1ms)[0m  [1mINSERT INTO "schema_migrations" ("version") VALUES (?)[0m  [["version", "20160201163027"]]
  [1m[35m (0.7ms)[0m  commit transaction
  [1m[36mActiveRecord::SchemaMigration Load (0.1ms)[0m  [1mSELECT "schema_migrations".* FROM "schema_migrations"[0m


Started GET "/" for ::1 at 2016-02-01 10:45:27 -0600
  [1m[36mActiveRecord::SchemaMigration Load (0.1ms)[0m  [1mSELECT "schema_migrations".* FROM "schema_migrations"[0m
Processing by BearsController#index as HTML
  [1m[35mBear Load (0.2ms)[0m  SELECT "bears".* FROM "bears"
  Rendered bears/index.html.erb within layouts/application (3.1ms)
Completed 200 OK in 1289ms (Views: 1278.9ms | ActiveRecord: 0.3ms)


Started GET "/assets/bears.self-e3b0c44298fc1c149afbf4c8996fb92427ae41e4649b934ca495991b7852b855.css?body=1" for ::1 at 2016-02-01 10:45:29 -0600


Started GET "/assets/bears.self-877aef30ae1b040ab8a3aba4e3e309a11d7f2612f44dde450b5c157aa5f95c05.js?body=1" for ::1 at 2016-02-01 10:45:29 -0600


Started GET "/bears/new" for ::1 at 2016-02-01 10:45:31 -0600
Processing by BearsController#new as HTML
  Rendered bears/_form.html.erb (21.9ms)
  Rendered bears/new.html.erb within layouts/application (26.3ms)
Completed 200 OK in 45ms (Views: 40.7ms | ActiveRecord: 0.2ms)


Started POST "/bears" for ::1 at 2016-02-01 10:45:34 -0600
Processing by BearsController#create as HTML
  Parameters: {"utf8"=>"✓", "authenticity_token"=>"TCSpYVZ64Ge3GrNODgxDWxbs7LlxFoRO3HMNjr5CMuvaVgq+gNbK0QymXpWmrDXPb6aU6vc1wQOQr6xksgVJMg==", "bear"=>{"description"=>"ted"}, "commit"=>"Create Bear"}
Completed 500 Internal Server Error in 7ms (ActiveRecord: 0.0ms)

NameError (undefined local variable or method `description' for #<BearsController:0x007fe9520f25b0>):
  app/controllers/bears_controller.rb:52:in `bear_params'
  app/controllers/bears_controller.rb:14:in `create'


  Rendered /Users/johnkosmicke/.rvm/gems/ruby-2.2.1/gems/actionpack-4.2.5.1/lib/action_dispatch/middleware/templates/rescues/_source.erb (5.6ms)
  Rendered /Users/johnkosmicke/.rvm/gems/ruby-2.2.1/gems/actionpack-4.2.5.1/lib/action_dispatch/middleware/templates/rescues/_trace.html.erb (3.0ms)
  Rendered /Users/johnkosmicke/.rvm/gems/ruby-2.2.1/gems/actionpack-4.2.5.1/lib/action_dispatch/middleware/templates/rescues/_request_and_response.html.erb (1.5ms)
  Rendered /Users/johnkosmicke/.rvm/gems/ruby-2.2.1/gems/actionpack-4.2.5.1/lib/action_dispatch/middleware/templates/rescues/diagnostics.html.erb within rescues/layout (59.7ms)
  Rendered /Users/johnkosmicke/.rvm/gems/ruby-2.2.1/gems/web-console-2.3.0/lib/web_console/templates/_markup.html.erb (0.7ms)
  Rendered /Users/johnkosmicke/.rvm/gems/ruby-2.2.1/gems/web-console-2.3.0/lib/web_console/templates/_inner_console_markup.html.erb within layouts/inlined_string (0.4ms)
  Rendered /Users/johnkosmicke/.rvm/gems/ruby-2.2.1/gems/web-console-2.3.0/lib/web_console/templates/_prompt_box_markup.html.erb within layouts/inlined_string (0.5ms)
  Rendered /Users/johnkosmicke/.rvm/gems/ruby-2.2.1/gems/web-console-2.3.0/lib/web_console/templates/style.css.erb within layouts/inlined_string (0.4ms)
  Rendered /Users/johnkosmicke/.rvm/gems/ruby-2.2.1/gems/web-console-2.3.0/lib/web_console/templates/console.js.erb within layouts/javascript (49.0ms)
  Rendered /Users/johnkosmicke/.rvm/gems/ruby-2.2.1/gems/web-console-2.3.0/lib/web_console/templates/main.js.erb within layouts/javascript (0.3ms)
  Rendered /Users/johnkosmicke/.rvm/gems/ruby-2.2.1/gems/web-console-2.3.0/lib/web_console/templates/error_page.js.erb within layouts/javascript (0.6ms)
  Rendered /Users/johnkosmicke/.rvm/gems/ruby-2.2.1/gems/web-console-2.3.0/lib/web_console/templates/index.html.erb (105.5ms)


Started GET "/" for ::1 at 2016-02-01 10:46:17 -0600
Processing by BearsController#index as HTML
  [1m[36mBear Load (0.3ms)[0m  [1mSELECT "bears".* FROM "bears"[0m
  Rendered bears/index.html.erb within layouts/application (1.8ms)
Completed 200 OK in 23ms (Views: 20.4ms | ActiveRecord: 0.4ms)


Started GET "/bears/new" for ::1 at 2016-02-01 10:46:18 -0600
Processing by BearsController#new as HTML
  Rendered bears/_form.html.erb (1.6ms)
  Rendered bears/new.html.erb within layouts/application (2.8ms)
Completed 200 OK in 29ms (Views: 24.4ms | ActiveRecord: 0.2ms)


Started GET "/" for ::1 at 2016-02-01 10:47:25 -0600
Processing by BearsController#index as HTML
  [1m[35mBear Load (0.1ms)[0m  SELECT "bears".* FROM "bears"
  Rendered bears/index.html.erb within layouts/application (0.6ms)
Completed 200 OK in 12ms (Views: 11.3ms | ActiveRecord: 0.1ms)


Started GET "/bears/new" for ::1 at 2016-02-01 10:47:27 -0600
Processing by BearsController#new as HTML
  Rendered bears/_form.html.erb (3.5ms)
  Rendered bears/new.html.erb within layouts/application (4.5ms)
Completed 200 OK in 19ms (Views: 17.8ms | ActiveRecord: 0.0ms)


Started POST "/bears" for ::1 at 2016-02-01 10:47:35 -0600
Processing by BearsController#create as HTML
  Parameters: {"utf8"=>"✓", "authenticity_token"=>"AJHUOCz73JbbYkDlcWDzUQOYdxAJdIhvJw049i7EgtSW43fn+lf2IGDerT7ZwIXFetIPQ49XzSJr0ZkcIoP5DQ==", "bear"=>{"name"=>"koz", "description"=>"is cool\r\n"}, "commit"=>"Create Bear"}
  [1m[36m (0.1ms)[0m  [1mbegin transaction[0m
  [1m[35mSQL (0.4ms)[0m  INSERT INTO "bears" ("name", "description", "created_at", "updated_at") VALUES (?, ?, ?, ?)  [["name", "koz"], ["description", "is cool\r\n"], ["created_at", "2016-02-01 16:47:35.770597"], ["updated_at", "2016-02-01 16:47:35.770597"]]
  [1m[36m (0.6ms)[0m  [1mcommit transaction[0m
Redirected to http://localhost:3000/bears/1
Completed 302 Found in 6ms (ActiveRecord: 1.1ms)


Started GET "/bears/1" for ::1 at 2016-02-01 10:47:35 -0600
Processing by BearsController#show as HTML
  Parameters: {"id"=>"1"}
Completed 500 Internal Server Error in 2ms (ActiveRecord: 0.0ms)

NameError (uninitialized constant BearsController::Crud):
  app/controllers/bears_controller.rb:48:in `set_bear'


  Rendered /Users/johnkosmicke/.rvm/gems/ruby-2.2.1/gems/actionpack-4.2.5.1/lib/action_dispatch/middleware/templates/rescues/_source.erb (3.1ms)
  Rendered /Users/johnkosmicke/.rvm/gems/ruby-2.2.1/gems/actionpack-4.2.5.1/lib/action_dispatch/middleware/templates/rescues/_trace.html.erb (1.5ms)
  Rendered /Users/johnkosmicke/.rvm/gems/ruby-2.2.1/gems/actionpack-4.2.5.1/lib/action_dispatch/middleware/templates/rescues/_request_and_response.html.erb (0.7ms)
  Rendered /Users/johnkosmicke/.rvm/gems/ruby-2.2.1/gems/actionpack-4.2.5.1/lib/action_dispatch/middleware/templates/rescues/diagnostics.html.erb within rescues/layout (42.1ms)
  Rendered /Users/johnkosmicke/.rvm/gems/ruby-2.2.1/gems/web-console-2.3.0/lib/web_console/templates/_markup.html.erb (0.4ms)
  Rendered /Users/johnkosmicke/.rvm/gems/ruby-2.2.1/gems/web-console-2.3.0/lib/web_console/templates/_inner_console_markup.html.erb within layouts/inlined_string (0.3ms)
  Rendered /Users/johnkosmicke/.rvm/gems/ruby-2.2.1/gems/web-console-2.3.0/lib/web_console/templates/_prompt_box_markup.html.erb within layouts/inlined_string (0.4ms)
  Rendered /Users/johnkosmicke/.rvm/gems/ruby-2.2.1/gems/web-console-2.3.0/lib/web_console/templates/style.css.erb within layouts/inlined_string (0.3ms)
  Rendered /Users/johnkosmicke/.rvm/gems/ruby-2.2.1/gems/web-console-2.3.0/lib/web_console/templates/console.js.erb within layouts/javascript (39.3ms)
  Rendered /Users/johnkosmicke/.rvm/gems/ruby-2.2.1/gems/web-console-2.3.0/lib/web_console/templates/main.js.erb within layouts/javascript (0.2ms)
  Rendered /Users/johnkosmicke/.rvm/gems/ruby-2.2.1/gems/web-console-2.3.0/lib/web_console/templates/error_page.js.erb within layouts/javascript (1.3ms)
  Rendered /Users/johnkosmicke/.rvm/gems/ruby-2.2.1/gems/web-console-2.3.0/lib/web_console/templates/index.html.erb (86.2ms)


Started POST "/bears" for ::1 at 2016-02-01 10:48:02 -0600
Processing by BearsController#create as HTML
  Parameters: {"utf8"=>"✓", "authenticity_token"=>"fPK1RF1O4bdji/qDd7VpoJ7IheL8KI6MWMV+1llBygXqgBabi+LLAdg3F1jfFR8054L9sXoLy8EUGd88VQax3A==", "bear"=>{"name"=>"koz", "description"=>"is cool\r\n"}, "commit"=>"Create Bear"}
  [1m[35m (0.0ms)[0m  begin transaction
  [1m[36mSQL (0.3ms)[0m  [1mINSERT INTO "bears" ("name", "description", "created_at", "updated_at") VALUES (?, ?, ?, ?)[0m  [["name", "koz"], ["description", "is cool\r\n"], ["created_at", "2016-02-01 16:48:02.349277"], ["updated_at", "2016-02-01 16:48:02.349277"]]
  [1m[35m (0.6ms)[0m  commit transaction
Redirected to http://localhost:3000/bears/2
Completed 302 Found in 7ms (ActiveRecord: 1.3ms)


Started GET "/bears/2" for ::1 at 2016-02-01 10:48:02 -0600
Processing by BearsController#show as HTML
  Parameters: {"id"=>"2"}
  [1m[36mBear Load (0.1ms)[0m  [1mSELECT  "bears".* FROM "bears" WHERE "bears"."id" = ? LIMIT 1[0m  [["id", 2]]
  Rendered bears/show.html.erb within layouts/application (0.7ms)
Completed 200 OK in 27ms (Views: 20.4ms | ActiveRecord: 0.1ms)


Started GET "/" for ::1 at 2016-02-01 10:48:09 -0600
Processing by BearsController#index as HTML
  [1m[35mBear Load (0.1ms)[0m  SELECT "bears".* FROM "bears"
  Rendered bears/index.html.erb within layouts/application (0.7ms)
Completed 200 OK in 12ms (Views: 10.7ms | ActiveRecord: 0.1ms)


Started GET "/" for ::1 at 2016-02-01 10:49:39 -0600
Processing by BearsController#index as HTML
  [1m[36mBear Load (0.1ms)[0m  [1mSELECT "bears".* FROM "bears"[0m
  Rendered bears/index.html.erb within layouts/application (0.8ms)
Completed 200 OK in 11ms (Views: 9.8ms | ActiveRecord: 0.1ms)


Started GET "/bears/1" for ::1 at 2016-02-01 10:49:41 -0600
Processing by BearsController#show as HTML
  Parameters: {"id"=>"1"}
  [1m[35mBear Load (0.1ms)[0m  SELECT  "bears".* FROM "bears" WHERE "bears"."id" = ? LIMIT 1  [["id", 1]]
  Rendered bears/show.html.erb within layouts/application (0.6ms)
Completed 200 OK in 12ms (Views: 10.4ms | ActiveRecord: 0.1ms)


Started GET "/" for ::1 at 2016-02-01 10:50:13 -0600
Processing by BearsController#index as HTML
  [1m[36mBear Load (0.1ms)[0m  [1mSELECT "bears".* FROM "bears"[0m
  Rendered bears/index.html.erb within layouts/application (0.8ms)
Completed 200 OK in 12ms (Views: 11.3ms | ActiveRecord: 0.1ms)


Started GET "/assets/application.self-e80e8f2318043e8af94dddc2adad5a4f09739a8ebb323b3ab31cd71d45fd9113.css?body=1" for ::1 at 2016-02-01 10:50:13 -0600


Started GET "/assets/bears.self-e3b0c44298fc1c149afbf4c8996fb92427ae41e4649b934ca495991b7852b855.css?body=1" for ::1 at 2016-02-01 10:50:13 -0600


Started GET "/assets/bears.self-877aef30ae1b040ab8a3aba4e3e309a11d7f2612f44dde450b5c157aa5f95c05.js?body=1" for ::1 at 2016-02-01 10:50:13 -0600


Started GET "/assets/turbolinks.self-c37727e9bd6b2735da5c311aa83fead54ed0be6cc8bd9a65309e9c5abe2cbfff.js?body=1" for ::1 at 2016-02-01 10:50:13 -0600


Started GET "/assets/jquery_ujs.self-d602bdfe68ffc63b9f9cc512872aa3cfff046228a0a36e90dd476e8ef54c1b09.js?body=1" for ::1 at 2016-02-01 10:50:13 -0600


Started GET "/assets/jquery.self-c64a74367bda6ef8b860f19e74df08927ca99d2be2ac934e9e92d5fd361e0da4.js?body=1" for ::1 at 2016-02-01 10:50:13 -0600


Started GET "/assets/application.self-3b8dabdc891efe46b9a144b400ad69e37d7e5876bdc39dee783419a69d7ca819.js?body=1" for ::1 at 2016-02-01 10:50:13 -0600


Started GET "/" for ::1 at 2016-02-01 10:50:55 -0600
Processing by BearsController#index as HTML
  [1m[35mBear Load (0.1ms)[0m  SELECT "bears".* FROM "bears"
  Rendered bears/index.html.erb within layouts/application (2.8ms)
Completed 500 Internal Server Error in 6ms (ActiveRecord: 0.1ms)

ActionView::Template::Error (No route matches {:action=>"edit", :controller=>"bears", :id=>nil} missing required keys: [:id]):
    5: 
    6: <% @bears.each do |bear| %>
    7: <p><%= link_to bear.name, bear %></p>
    8: <%= link_to "Edit", edit_bear_path(@bear) %>
    9: <% end %>
  app/views/bears/index.html.erb:8:in `block in _app_views_bears_index_html_erb___1147664770096383879_70320040451900'
  app/views/bears/index.html.erb:6:in `_app_views_bears_index_html_erb___1147664770096383879_70320040451900'


  Rendered /Users/johnkosmicke/.rvm/gems/ruby-2.2.1/gems/actionpack-4.2.5.1/lib/action_dispatch/middleware/templates/rescues/_source.erb (5.0ms)
  Rendered /Users/johnkosmicke/.rvm/gems/ruby-2.2.1/gems/actionpack-4.2.5.1/lib/action_dispatch/middleware/templates/rescues/_trace.html.erb (2.4ms)
  Rendered /Users/johnkosmicke/.rvm/gems/ruby-2.2.1/gems/actionpack-4.2.5.1/lib/action_dispatch/middleware/templates/rescues/_request_and_response.html.erb (0.7ms)
  Rendered /Users/johnkosmicke/.rvm/gems/ruby-2.2.1/gems/actionpack-4.2.5.1/lib/action_dispatch/middleware/templates/rescues/template_error.html.erb within rescues/layout (48.8ms)
  Rendered /Users/johnkosmicke/.rvm/gems/ruby-2.2.1/gems/web-console-2.3.0/lib/web_console/templates/_markup.html.erb (0.3ms)
  Rendered /Users/johnkosmicke/.rvm/gems/ruby-2.2.1/gems/web-console-2.3.0/lib/web_console/templates/_inner_console_markup.html.erb within layouts/inlined_string (0.3ms)
  Rendered /Users/johnkosmicke/.rvm/gems/ruby-2.2.1/gems/web-console-2.3.0/lib/web_console/templates/_prompt_box_markup.html.erb within layouts/inlined_string (0.8ms)
  Rendered /Users/johnkosmicke/.rvm/gems/ruby-2.2.1/gems/web-console-2.3.0/lib/web_console/templates/style.css.erb within layouts/inlined_string (0.3ms)
  Rendered /Users/johnkosmicke/.rvm/gems/ruby-2.2.1/gems/web-console-2.3.0/lib/web_console/templates/console.js.erb within layouts/javascript (37.3ms)
  Rendered /Users/johnkosmicke/.rvm/gems/ruby-2.2.1/gems/web-console-2.3.0/lib/web_console/templates/main.js.erb within layouts/javascript (0.2ms)
  Rendered /Users/johnkosmicke/.rvm/gems/ruby-2.2.1/gems/web-console-2.3.0/lib/web_console/templates/error_page.js.erb within layouts/javascript (1.0ms)
  Rendered /Users/johnkosmicke/.rvm/gems/ruby-2.2.1/gems/web-console-2.3.0/lib/web_console/templates/index.html.erb (81.8ms)


Started GET "/" for ::1 at 2016-02-01 10:51:07 -0600
Processing by BearsController#index as HTML
  [1m[36mBear Load (0.1ms)[0m  [1mSELECT "bears".* FROM "bears"[0m
  Rendered bears/index.html.erb within layouts/application (1.2ms)
Completed 200 OK in 12ms (Views: 11.4ms | ActiveRecord: 0.1ms)


Started GET "/assets/bears.self-e3b0c44298fc1c149afbf4c8996fb92427ae41e4649b934ca495991b7852b855.css?body=1" for ::1 at 2016-02-01 10:51:07 -0600


Started GET "/assets/bears.self-877aef30ae1b040ab8a3aba4e3e309a11d7f2612f44dde450b5c157aa5f95c05.js?body=1" for ::1 at 2016-02-01 10:51:07 -0600


Started GET "/assets/application.self-e80e8f2318043e8af94dddc2adad5a4f09739a8ebb323b3ab31cd71d45fd9113.css?body=1" for ::1 at 2016-02-01 10:51:07 -0600


Started GET "/assets/jquery.self-c64a74367bda6ef8b860f19e74df08927ca99d2be2ac934e9e92d5fd361e0da4.js?body=1" for ::1 at 2016-02-01 10:51:07 -0600


Started GET "/assets/jquery_ujs.self-d602bdfe68ffc63b9f9cc512872aa3cfff046228a0a36e90dd476e8ef54c1b09.js?body=1" for ::1 at 2016-02-01 10:51:07 -0600


Started GET "/assets/turbolinks.self-c37727e9bd6b2735da5c311aa83fead54ed0be6cc8bd9a65309e9c5abe2cbfff.js?body=1" for ::1 at 2016-02-01 10:51:07 -0600


Started GET "/assets/application.self-3b8dabdc891efe46b9a144b400ad69e37d7e5876bdc39dee783419a69d7ca819.js?body=1" for ::1 at 2016-02-01 10:51:07 -0600


Started GET "/bears/2" for ::1 at 2016-02-01 10:51:27 -0600
Processing by BearsController#show as HTML
  Parameters: {"id"=>"2"}
  [1m[35mBear Load (0.1ms)[0m  SELECT  "bears".* FROM "bears" WHERE "bears"."id" = ? LIMIT 1  [["id", 2]]
  Rendered bears/show.html.erb within layouts/application (0.3ms)
Completed 200 OK in 12ms (Views: 10.7ms | ActiveRecord: 0.1ms)


Started GET "/" for ::1 at 2016-02-01 10:51:56 -0600
Processing by BearsController#index as HTML
  [1m[36mBear Load (0.1ms)[0m  [1mSELECT "bears".* FROM "bears"[0m
  Rendered bears/index.html.erb within layouts/application (1.4ms)
Completed 200 OK in 12ms (Views: 11.2ms | ActiveRecord: 0.1ms)


Started GET "/assets/bears.self-e3b0c44298fc1c149afbf4c8996fb92427ae41e4649b934ca495991b7852b855.css?body=1" for ::1 at 2016-02-01 10:51:56 -0600


Started GET "/assets/jquery.self-c64a74367bda6ef8b860f19e74df08927ca99d2be2ac934e9e92d5fd361e0da4.js?body=1" for ::1 at 2016-02-01 10:51:56 -0600


Started GET "/assets/jquery_ujs.self-d602bdfe68ffc63b9f9cc512872aa3cfff046228a0a36e90dd476e8ef54c1b09.js?body=1" for ::1 at 2016-02-01 10:51:56 -0600


Started GET "/assets/turbolinks.self-c37727e9bd6b2735da5c311aa83fead54ed0be6cc8bd9a65309e9c5abe2cbfff.js?body=1" for ::1 at 2016-02-01 10:51:56 -0600


Started GET "/assets/application.self-e80e8f2318043e8af94dddc2adad5a4f09739a8ebb323b3ab31cd71d45fd9113.css?body=1" for ::1 at 2016-02-01 10:51:57 -0600


Started GET "/assets/bears.self-877aef30ae1b040ab8a3aba4e3e309a11d7f2612f44dde450b5c157aa5f95c05.js?body=1" for ::1 at 2016-02-01 10:51:57 -0600


Started GET "/assets/application.self-3b8dabdc891efe46b9a144b400ad69e37d7e5876bdc39dee783419a69d7ca819.js?body=1" for ::1 at 2016-02-01 10:51:57 -0600


Started GET "/bears/new" for ::1 at 2016-02-01 10:52:16 -0600
Processing by BearsController#new as HTML
  Rendered bears/_form.html.erb (1.3ms)
  Rendered bears/new.html.erb within layouts/application (2.4ms)
Completed 200 OK in 13ms (Views: 12.0ms | ActiveRecord: 0.0ms)


Started POST "/bears" for ::1 at 2016-02-01 10:52:27 -0600
Processing by BearsController#create as HTML
  Parameters: {"utf8"=>"✓", "authenticity_token"=>"ObMpvPlevnBYCSEPplIrFDl1jzE5BVWufBpEzn4LOGGvwYpjL/KUxuO1zNQO8l2AQD/3Yr8mEOMwxuUkckxDuA==", "bear"=>{"name"=>"horace", "description"=>"is really big"}, "commit"=>"Create Bear"}
  [1m[35m (0.1ms)[0m  begin transaction
  [1m[36mSQL (0.3ms)[0m  [1mINSERT INTO "bears" ("name", "description", "created_at", "updated_at") VALUES (?, ?, ?, ?)[0m  [["name", "horace"], ["description", "is really big"], ["created_at", "2016-02-01 16:52:27.751756"], ["updated_at", "2016-02-01 16:52:27.751756"]]
  [1m[35m (0.8ms)[0m  commit transaction
Redirected to http://localhost:3000/bears/3
Completed 302 Found in 4ms (ActiveRecord: 1.1ms)


Started GET "/bears/3" for ::1 at 2016-02-01 10:52:27 -0600
Processing by BearsController#show as HTML
  Parameters: {"id"=>"3"}
  [1m[36mBear Load (0.1ms)[0m  [1mSELECT  "bears".* FROM "bears" WHERE "bears"."id" = ? LIMIT 1[0m  [["id", 3]]
  Rendered bears/show.html.erb within layouts/application (0.7ms)
Completed 200 OK in 12ms (Views: 10.6ms | ActiveRecord: 0.1ms)


Started GET "/bears/1/edit/" for ::1 at 2016-02-01 10:55:05 -0600
Processing by BearsController#edit as HTML
  Parameters: {"id"=>"1"}
  [1m[35mBear Load (0.1ms)[0m  SELECT  "bears".* FROM "bears" WHERE "bears"."id" = ? LIMIT 1  [["id", 1]]
  Rendered bears/_form.html.erb (1.8ms)
  Rendered bears/edit.html.erb within layouts/application (3.1ms)
Completed 200 OK in 16ms (Views: 14.7ms | ActiveRecord: 0.1ms)
